<?xml version="1.0" encoding="UTF-8"?>
<testsuite name="calculadoraJava.AppTest" tests="5" skipped="0" failures="0" errors="0" timestamp="2023-08-26T01:35:59" hostname="LAB-02-16" time="0.002">
  <properties/>
  <testcase name="testInvalidOperator" classname="calculadoraJava.AppTest" time="0.001"/>
  <testcase name="testMultiplication" classname="calculadoraJava.AppTest" time="0.0"/>
  <testcase name="testAddition" classname="calculadoraJava.AppTest" time="0.0"/>
  <testcase name="testZeroSubtraction" classname="calculadoraJava.AppTest" time="0.0"/>
  <testcase name="testSubtraction" classname="calculadoraJava.AppTest" time="0.0"/>
  <system-out><![CDATA[]]></system-out>
  <system-err><![CDATA[]]></system-err>
</testsuite>
